# Server version 0.08 running on 192.168.1.102:8123
# Game ID: 3
# Board class: Saboteur.SaboteurBoard
# Timeout: 20000
# First Move Timeout: 30000
# Date: Sat Mar 28 20:20:08 EDT 2020
# Player 1: Player-0, 'RandomPlayer', running on 192.168.1.102
# Player 2: Player-1, 'RandomPlayer', running on 192.168.1.102
START Player-0 RandomPlayer
START Player-1 RandomPlayer
BoardInit:Malus,Tile:9,Map,Tile:9,Tile:7,Destroy,Tile:9,Tile:13,Tile:1,Tile:8,Tile:0,Tile:8,Map,Tile:8,Tile:0,Tile:7,Tile:5,Tile:11,Tile:0,Tile:7,Tile:7,Tile:6,Tile:5,Tile:6,Map,Tile:8,Destroy,Tile:0,Tile:12,Bonus,Tile:9,Tile:9,Tile:7,Map,Tile:10,Map,Tile:15,Tile:6,Tile:10,Tile:3,Tile:8-Bonus,Tile:14,Tile:2,Destroy,Map,Bonus,Malus-Tile:6,Tile:6,Tile:10,Tile:5,Tile:5,Bonus,Tile:4-Tile:hidden2,Tile:hidden1,Tile:nugget
Map 12 3 1
Tile:5_flip 5 6 0
Drop 1 0 1
Tile:6_flip 5 4 0
Destroy 5 6 1
Tile:9_flip 6 4 0
Tile:7 6 3 1
Tile:9 4 5 0
Tile:9 4 4 1
Tile:6 5 3 0
Tile:2 4 3 1
Tile:10 4 6 0
Drop 0 0 1
Destroy 4 5 0
Drop 3 0 1
Tile:13 6 5 0
Map 12 7 1
Tile:4_flip 5 6 0
Malus 0 0 1
Drop 3 0 0
Tile:1 7 5 1
Drop 2 0 0
Drop 5 0 1
Drop 3 0 0
Tile:5 3 3 1
Drop 5 0 0
Malus 0 0 1
Drop 0 0 0
Tile:5_flip 4 7 1
Drop 6 0 0
Destroy 5 4 1
Drop 4 0 0
Tile:9_flip 3 4 1
Drop 6 0 0
Drop 4 0 1
Bonus 0 0 0
Tile:7 8 5 1
Map 12 7 0
Tile:15 6 6 1
Map 12 5 0
Tile:10 8 6 1
Drop 4 0 0
Drop 0 0 1
Drop 1 0 0
Drop 2 0 1
Drop 3 0 0
Tile:7_flip 2 4 1
Drop 0 0 0
Tile:8 3 5 1
Drop 2 0 0
Tile:10 2 3 1
Drop 0 0 0
Tile:0 3 7 1
Drop 0 0 0
Tile:0 2 5 1
GAMEOVER DRAW
# Game ended: Sat Mar 28 20:20:08 EDT 2020
